<?xml version="1.0" encoding="UTF-8"?>
<!-- Generated by org.testng.reporters.JUnitReportReporter -->
<testsuite hostname="KK-LAPTOP" failures="0" tests="3" name="org.pom.B" time="0.003" errors="0" timestamp="26 May 2024 16:02:07 GMT" skipped="0">
  <testcase classname="org.pom.B" name="tc3" time="0.001"/>
  <testcase classname="org.pom.B" name="tc4" time="0.001"/>
  <testcase classname="org.pom.B" name="tc1" time="0.001"/>
</testsuite> <!-- org.pom.B -->
