<?xml version="1.0" encoding="UTF-8"?>
<!-- Generated by org.testng.reporters.JUnitReportReporter -->
<testsuite hostname="KK-LAPTOP" failures="0" tests="1" name="org.pom.TestParameters" time="1.020" errors="0" timestamp="27 May 2024 04:53:57 GMT" skipped="0">
  <testcase classname="org.pom.TestParameters" name="login" time="1.020"/>
</testsuite> <!-- org.pom.TestParameters -->
