<?xml version="1.0" encoding="UTF-8"?>
<!-- Generated by org.testng.reporters.JUnitReportReporter -->
<testsuite hostname="KK-LAPTOP" failures="0" tests="14" name="org.pom.TestngPgm" time="0.022" errors="0" timestamp="25 May 2024 19:06:36 GMT" skipped="1">
  <testcase classname="org.pom.TestngPgm" name="login" time="0.013"/>
  <testcase classname="org.pom.TestngPgm" name="searchHotel" time="0.001"/>
  <testcase classname="org.pom.TestngPgm" name="bookHotel" time="0.001"/>
  <testcase classname="org.pom.TestngPgm" name="bookHotel" time="0.001"/>
  <testcase classname="org.pom.TestngPgm" name="bookHotel" time="0.000"/>
  <testcase classname="org.pom.TestngPgm" name="bookHotel" time="0.001"/>
  <testcase classname="org.pom.TestngPgm" name="bookHotel" time="0.000"/>
  <testcase classname="org.pom.TestngPgm" name="bookHotel" time="0.000"/>
  <testcase classname="org.pom.TestngPgm" name="bookHotel" time="0.000"/>
  <testcase classname="org.pom.TestngPgm" name="bookHotel" time="0.001"/>
  <testcase classname="org.pom.TestngPgm" name="bookHotel" time="0.001"/>
  <testcase classname="org.pom.TestngPgm" name="bookHotel" time="0.002"/>
  <testcase classname="org.pom.TestngPgm" name="confirmBooking" time="0.001"/>
  <testcase classname="org.pom.TestngPgm" name="SelectHotel">
    <skipped/>
  </testcase> <!-- SelectHotel -->
</testsuite> <!-- org.pom.TestngPgm -->
