<?xml version="1.0" encoding="UTF-8"?>
<!-- Generated by org.testng.reporters.JUnitReportReporter -->
<testsuite hostname="KK-LAPTOP" failures="0" tests="2" name="org.pom.A" time="0.016" errors="0" timestamp="26 May 2024 16:02:07 GMT" skipped="0">
  <testcase classname="org.pom.A" name="tc3" time="0.002"/>
  <testcase classname="org.pom.A" name="tc1" time="0.014"/>
</testsuite> <!-- org.pom.A -->
